2026-01-12 02:09:28,758 - MaestroManager - INFO - Starting Secure Kali Linux Environment Manager...
2026-01-12 02:09:28,758 - MaestroManager - INFO - Initializing Sudo Manager...
2026-01-12 02:09:28,758 - MaestroManager - INFO - Running as non-root user. Privileged operations will prompt for password.
2026-01-12 02:09:37,655 - MaestroManager - INFO - Starting Secure Kali Linux Environment Manager...
2026-01-12 02:09:37,656 - MaestroManager - INFO - Initializing Sudo Manager...
2026-01-12 02:09:37,656 - MaestroManager - INFO - Running as non-root user. Privileged operations will prompt for password.
2026-01-12 02:10:33,003 - MaestroManager - INFO - Starting Secure Kali Linux Environment Manager...
2026-01-12 02:10:33,003 - MaestroManager - INFO - Initializing Sudo Manager...
2026-01-12 02:10:33,003 - MaestroManager - INFO - Running as non-root user. Privileged operations will prompt for password.
2026-01-12 02:11:40,660 - MaestroManager - INFO - Starting Secure Kali Linux Environment Manager...
2026-01-12 02:11:40,660 - MaestroManager - INFO - Initializing Sudo Manager...
2026-01-12 02:11:40,660 - MaestroManager - INFO - Running as non-root user. Privileged operations will prompt for password.
2026-01-12 02:11:41,855 - MaestroManager - INFO - Secure Kali Linux Environment Manager started.
2026-01-12 02:12:46,672 - MaestroManager - INFO - User requested app update
2026-01-12 02:12:50,754 - MaestroManager - INFO - User requested system update
2026-01-12 02:13:07,822 - MaestroManager - INFO - User requested distro upgrade
2026-01-12 02:22:43,869 - MaestroManager - INFO - Starting Secure Kali Linux Environment Manager...
2026-01-12 02:22:43,869 - MaestroManager - INFO - Initializing Sudo Manager...
2026-01-12 02:22:43,869 - MaestroManager - INFO - Running as non-root user. Privileged operations will prompt for password.
2026-01-12 02:22:45,059 - MaestroManager - INFO - Secure Kali Linux Environment Manager started.
2026-01-12 02:32:09,612 - MaestroManager - INFO - Starting Secure Kali Linux Environment Manager...
2026-01-12 02:32:09,612 - MaestroManager - INFO - Initializing Sudo Manager...
2026-01-12 02:32:09,612 - MaestroManager - INFO - Running as non-root user. Privileged operations will prompt for password.
2026-01-12 02:32:11,156 - MaestroManager - INFO - Secure Kali Linux Environment Manager started.
2026-01-12 02:41:18,245 - MaestroManager - INFO - Starting Secure Kali Linux Environment Manager...
2026-01-12 02:41:18,245 - MaestroManager - INFO - Initializing Sudo Manager...
2026-01-12 02:41:18,246 - MaestroManager - INFO - Running as non-root user. Privileged operations will prompt for password.
2026-01-12 02:42:05,596 - MaestroManager - INFO - Starting Secure Kali Linux Environment Manager...
2026-01-12 02:42:05,596 - MaestroManager - INFO - Initializing Sudo Manager...
2026-01-12 02:42:05,596 - MaestroManager - INFO - Running as non-root user. Privileged operations will prompt for password.
2026-01-12 02:42:27,049 - MaestroManager - INFO - Starting Secure Kali Linux Environment Manager...
2026-01-12 02:42:27,049 - MaestroManager - INFO - Initializing Sudo Manager...
2026-01-12 02:42:27,049 - MaestroManager - INFO - Running as non-root user. Privileged operations will prompt for password.
2026-01-12 02:42:42,104 - MaestroManager - INFO - Starting Secure Kali Linux Environment Manager...
2026-01-12 02:42:42,104 - MaestroManager - INFO - Initializing Sudo Manager...
2026-01-12 02:42:42,104 - MaestroManager - INFO - Running as non-root user. Privileged operations will prompt for password.
2026-01-12 02:44:02,964 - MaestroManager - INFO - Starting Secure Kali Linux Environment Manager...
2026-01-12 02:44:02,964 - MaestroManager - INFO - Initializing Sudo Manager...
2026-01-12 02:44:02,964 - MaestroManager - INFO - Running as non-root user. Privileged operations will prompt for password.
2026-01-12 02:44:04,744 - MaestroManager - INFO - Secure Kali Linux Environment Manager started.
2026-01-12 02:49:35,211 - MaestroManager - INFO - Starting Secure Kali Linux Environment Manager...
2026-01-12 02:49:35,211 - MaestroManager - INFO - Initializing Sudo Manager...
2026-01-12 02:49:35,212 - MaestroManager - INFO - Running as non-root user. Privileged operations will prompt for password.
2026-01-12 02:49:37,008 - MaestroManager - INFO - Secure Kali Linux Environment Manager started.
2026-01-12 02:53:34,229 - MaestroManager - INFO - Starting Secure Kali Linux Environment Manager...
2026-01-12 02:53:34,229 - MaestroManager - INFO - Initializing Sudo Manager...
2026-01-12 02:54:34,218 - MaestroManager - INFO - Starting Secure Kali Linux Environment Manager...
2026-01-12 02:54:34,218 - MaestroManager - INFO - Initializing Sudo Manager...
2026-01-12 02:54:34,218 - MaestroManager - INFO - Running as non-root user. Privileged operations will prompt for password.
2026-01-12 02:54:36,009 - MaestroManager - INFO - Secure Kali Linux Environment Manager started.
2026-01-12 03:05:47,556 - MaestroManager - INFO - Starting Secure Kali Linux Environment Manager...
2026-01-12 03:05:47,556 - MaestroManager - INFO - Initializing Sudo Manager...
2026-01-12 03:05:47,556 - MaestroManager - INFO - Running as non-root user. Privileged operations will prompt for password.
2026-01-12 03:05:49,393 - MaestroManager - INFO - Secure Kali Linux Environment Manager started.
2026-01-12 03:08:34,753 - MaestroManager - INFO - Starting Secure Kali Linux Environment Manager...
2026-01-12 03:08:34,753 - MaestroManager - INFO - Initializing Sudo Manager...
2026-01-12 03:08:34,753 - MaestroManager - INFO - Running as non-root user. Privileged operations will prompt for password.
2026-01-12 03:08:36,661 - MaestroManager - INFO - Secure Kali Linux Environment Manager started.
2026-01-12 03:14:37,264 - MaestroManager - INFO - Starting Secure Kali Linux Environment Manager...
2026-01-12 03:14:37,264 - MaestroManager - INFO - Initializing Sudo Manager...
2026-01-12 03:14:37,264 - MaestroManager - INFO - Running as non-root user. Privileged operations will prompt for password.
2026-01-12 03:14:37,913 - MaestroManager - ERROR - Failed to init tools view: 'ToolCard' object has no attribute 'on_action'
2026-01-12 03:14:38,599 - MaestroManager - INFO - Secure Kali Linux Environment Manager started.
2026-01-12 03:16:29,486 - MaestroManager - INFO - Starting Secure Kali Linux Environment Manager...
2026-01-12 03:16:29,486 - MaestroManager - INFO - Initializing Sudo Manager...
2026-01-12 03:16:29,486 - MaestroManager - INFO - Running as non-root user. Privileged operations will prompt for password.
2026-01-12 03:16:30,110 - MaestroManager - ERROR - Failed to init tools view: 'ToolCard' object has no attribute 'on_action'
2026-01-12 03:16:30,784 - MaestroManager - INFO - Secure Kali Linux Environment Manager started.
2026-01-12 03:18:14,288 - MaestroManager - INFO - Starting Secure Kali Linux Environment Manager...
2026-01-12 03:18:14,288 - MaestroManager - INFO - Initializing Sudo Manager...
2026-01-12 03:18:14,288 - MaestroManager - INFO - Running as non-root user. Privileged operations will prompt for password.
2026-01-12 03:18:16,123 - MaestroManager - INFO - Secure Kali Linux Environment Manager started.
2026-01-12 03:18:28,996 - MaestroManager - INFO - Opening sqlmap...
2026-01-12 03:18:35,972 - MaestroManager - INFO - Opening wpscan...
2026-01-12 03:19:30,314 - MaestroManager - INFO - Opening aircrack-ng...
2026-01-12 03:22:34,714 - MaestroManager - INFO - Starting Secure Kali Linux Environment Manager...
2026-01-12 03:22:34,714 - MaestroManager - INFO - Initializing Sudo Manager...
2026-01-12 03:22:34,714 - MaestroManager - INFO - Running as non-root user. Privileged operations will prompt for password.
2026-01-12 03:22:36,511 - MaestroManager - INFO - Secure Kali Linux Environment Manager started.
2026-01-12 03:22:39,838 - MaestroManager - INFO - Opening nmap...
2026-01-12 03:22:44,190 - MaestroManager - INFO - Opening masscan...
2026-01-12 03:23:48,388 - MaestroManager - INFO - Starting Secure Kali Linux Environment Manager...
2026-01-12 03:23:48,388 - MaestroManager - INFO - Initializing Sudo Manager...
2026-01-12 03:23:48,388 - MaestroManager - INFO - Running as non-root user. Privileged operations will prompt for password.
2026-01-12 03:23:50,225 - MaestroManager - INFO - Secure Kali Linux Environment Manager started.
2026-01-12 03:23:52,988 - MaestroManager - INFO - Opening nmap...
2026-01-12 03:24:11,251 - MaestroManager - INFO - Opening masscan...
2026-01-12 03:25:03,945 - MaestroManager - INFO - Opening pixiewps...
2026-01-12 03:26:21,962 - MaestroManager - INFO - Starting Secure Kali Linux Environment Manager...
2026-01-12 03:26:21,962 - MaestroManager - INFO - Initializing Sudo Manager...
2026-01-12 03:26:21,962 - MaestroManager - INFO - Running as non-root user. Privileged operations will prompt for password.
2026-01-12 03:26:23,746 - MaestroManager - INFO - Secure Kali Linux Environment Manager started.
2026-01-12 03:26:40,878 - MaestroManager - INFO - Opening nmap...
2026-01-12 03:26:40,879 - MaestroManager - INFO - Launched nmap directly (GUI mode)
2026-01-12 03:27:18,728 - MaestroManager - INFO - Starting Secure Kali Linux Environment Manager...
2026-01-12 03:27:18,728 - MaestroManager - INFO - Initializing Sudo Manager...
2026-01-12 03:27:18,729 - MaestroManager - INFO - Running as non-root user. Privileged operations will prompt for password.
2026-01-12 03:27:20,576 - MaestroManager - INFO - Secure Kali Linux Environment Manager started.
2026-01-12 03:27:37,009 - MaestroManager - INFO - Opening nmap...
2026-01-12 03:27:37,010 - MaestroManager - INFO - Launched nmap directly (GUI mode)
2026-01-12 03:27:43,502 - MaestroManager - INFO - Opening masscan...
2026-01-12 03:27:43,503 - MaestroManager - INFO - Launched masscan directly (GUI mode)
2026-01-12 03:29:13,293 - MaestroManager - INFO - Starting Secure Kali Linux Environment Manager...
2026-01-12 03:29:13,293 - MaestroManager - INFO - Initializing Sudo Manager...
2026-01-12 03:29:13,294 - MaestroManager - INFO - Running as non-root user. Privileged operations will prompt for password.
2026-01-12 03:29:15,132 - MaestroManager - INFO - Secure Kali Linux Environment Manager started.
2026-01-12 03:29:18,628 - MaestroManager - INFO - Opening nmap...
2026-01-12 03:29:18,630 - MaestroManager - INFO - Launched nmap using xterm
2026-01-12 03:29:34,094 - MaestroManager - INFO - Opening masscan...
2026-01-12 03:29:34,095 - MaestroManager - INFO - Launched masscan using xterm
2026-01-12 03:29:49,585 - MaestroManager - INFO - Opening netdiscover...
2026-01-12 03:29:49,587 - MaestroManager - INFO - Launched netdiscover using xterm
2026-01-12 03:30:01,359 - MaestroManager - INFO - Opening unicornscan...
2026-01-12 03:30:01,360 - MaestroManager - INFO - Launched unicornscan using xterm
2026-01-12 03:30:06,985 - MaestroManager - INFO - Opening sqlmap...
2026-01-12 03:30:06,986 - MaestroManager - INFO - Launched sqlmap using xterm
2026-01-12 03:32:28,787 - MaestroManager - INFO - Starting Secure Kali Linux Environment Manager...
2026-01-12 03:32:28,787 - MaestroManager - INFO - Initializing Sudo Manager...
2026-01-12 03:32:28,787 - MaestroManager - INFO - Running as non-root user. Privileged operations will prompt for password.
2026-01-12 03:32:30,507 - MaestroManager - INFO - Secure Kali Linux Environment Manager started.
2026-01-12 03:32:50,117 - MaestroManager - INFO - Opening nmap...
2026-01-12 03:32:50,118 - MaestroManager - INFO - Launched nmap using xterm
2026-01-12 03:33:02,989 - MaestroManager - INFO - Opening netdiscover...
2026-01-12 03:33:02,990 - MaestroManager - INFO - Launched netdiscover using xterm
2026-01-12 03:33:15,420 - MaestroManager - INFO - Opening unicornscan...
2026-01-12 03:33:15,421 - MaestroManager - INFO - Launched unicornscan using xterm
2026-01-12 03:33:18,691 - MaestroManager - INFO - Opening hashcat...
2026-01-12 03:33:18,692 - MaestroManager - INFO - Launched hashcat using xterm
2026-01-12 03:33:23,470 - MaestroManager - INFO - Opening hydra...
2026-01-12 03:33:23,471 - MaestroManager - INFO - Launched hydra using xterm
2026-01-12 03:38:00,476 - MaestroManager - INFO - Starting Secure Kali Linux Environment Manager...
2026-01-12 03:38:00,476 - MaestroManager - INFO - Initializing Sudo Manager...
2026-01-12 03:38:00,476 - MaestroManager - INFO - Running as non-root user. Privileged operations will prompt for password.
2026-01-12 03:38:02,266 - MaestroManager - INFO - Secure Kali Linux Environment Manager started.
